#1 [internal] load local bake definitions
#1 reading from stdin 508B 0.0s done
#1 DONE 0.1s

#2 [internal] load build definition from Dockerfile.api
#2 transferring dockerfile: 621B done
#2 DONE 0.1s

#3 [internal] load metadata for docker.io/library/node:20.19.3-slim
#3 DONE 0.7s

#4 [internal] load .dockerignore
#4 transferring context: 2.21kB done
#4 DONE 0.0s

#5 [1/9] FROM docker.io/library/node:20.19.3-slim@sha256:fa43945ad45c5f8c50dbea0633d888ddeb739f7d4e06c7696a9d68b54054238a
#5 DONE 0.0s

#6 [internal] load build context
#6 transferring context: 298.90kB 0.3s done
#6 DONE 0.4s

#7 [2/9] WORKDIR /app
#7 CACHED

#8 [3/9] RUN corepack enable && corepack prepare pnpm@10.19.0 --activate
#8 CACHED

#9 [4/9] COPY . .
#9 CACHED

#10 [5/9] RUN pnpm install --no-frozen-lockfile --ignore-scripts --shamefully-hoist --filter @cio/api...
#10 CACHED

#11 [6/9] RUN find . -name 'tsconfig.tsbuildinfo' -delete
#11 CACHED

#12 [7/9] RUN pnpm -r --filter @cio/api... build
#12 0.929 Scope: 10 of 23 workspace projects
#12 0.933 packages/question-types build$ tsc && tsc-alias
#12 0.933 packages/certificates build$ tsc && tsc-alias
#12 0.934 packages/jobs build$ rm -rf dist tsconfig.tsbuildinfo && tsc && tsc-alias
#12 2.522 packages/certificates build: Done
#12 2.801 packages/question-types build: Done
#12 2.947 packages/jobs build: Done
#12 2.948 packages/ai-assistant build$ tsc && tsc-alias
#12 2.949 packages/utils build$ tsc && tsc-alias
#12 5.434 packages/ai-assistant build: Done
#12 5.842 packages/utils build: Done
#12 5.843 packages/email build$ tsc && tsc-alias
#12 8.173 packages/email build: Done
#12 8.252 packages/db build$ rm -rf dist tsconfig.tsbuildinfo && tsc && tsc-alias
#12 21.59 packages/db build: src/auth.ts(38,14): error TS2322: Type 'Auth<{ baseURL: string; database: (options: BetterAuthOptions) => DBAdapter<BetterAuthOptions>; emailAndPassword: { enabled: boolean; ... 11 more ...; customSyntheticUser?: ((params: { ...; }) => Record<...>) | undefined; } | undefined; ... 8 more ...; plugins: [...]; }>' is not assignable to type 'Auth<BetterAuthOptions>'.
#12 21.59 packages/db build:   Types of property 'api' are incompatible.
#12 21.59 packages/db build:     Type 'import("/app/node_modules/.pnpm/better-auth@1.6.11_@cloudflare+workers-types@4.20260529.1_@opentelemetry+api@1.9.1_@sve_5fc0d7206104e62dbca93ed9c6a538b0/node_modules/better-auth/dist/types/api").InferAPI<import("/app/node_modules/.pnpm/better-auth@1.6.11_@cloudflare+workers-types@4.20260529.1_@opentelemetry+api@1.9....' is not assignable to type 'import("/app/node_modules/.pnpm/better-auth@1.6.11_@cloudflare+workers-types@4.20260529.1_@opentelemetry+api@1.9.1_@sve_5fc0d7206104e62dbca93ed9c6a538b0/node_modules/better-auth/dist/types/api").InferAPI<import("/app/node_modules/.pnpm/better-auth@1.6.11_@cloudflare+workers-types@4.20260529.1_@opentelemetry+api@1.9....'. Two different types with this name exist, but they are unrelated.
#12 21.59 packages/db build:       Type 'InferAPI<Prettify<{ readonly ok: StrictEndpoint<"/ok", { method: "GET"; metadata: { openapi: { description: string; responses: { "200": { description: string; content: { "application/json": { schema: { type: "object"; properties: { ok: { type: string; description: string; }; }; required: string[]; }; }; }; }; }; }; ...' is not assignable to type 'FilteredAPI<Prettify<{ readonly ok: StrictEndpoint<"/ok", { method: "GET"; metadata: { openapi: { description: string; responses: { "200": { description: string; content: { "application/json": { schema: { type: "object"; properties: { ok: { type: string; description: string; }; }; required: string[]; }; }; }; }; }; ...'.
#12 21.59 packages/db build:         Types of property 'signInSocial' are incompatible.
#12 21.59 packages/db build:           Type 'import("/app/node_modules/.pnpm/better-call@1.3.5_zod@4.4.3/node_modules/better-call/dist/endpoint").StrictEndpoint<"/sign-in/social", { method: "POST"; operationId: string; body: import("/app/node_modules/.pnpm/zod@4.4.3/node_modules/zod/v4/classic/schemas").ZodObject<{ callbackURL: import("/app/node_modules/.pnpm/...' is not assignable to type 'import("/app/node_modules/.pnpm/better-call@1.3.5_zod@4.4.3/node_modules/better-call/dist/endpoint").StrictEndpoint<"/sign-in/social", { method: "POST"; operationId: string; body: import("/app/node_modules/.pnpm/zod@4.4.3/node_modules/zod/v4/classic/schemas").ZodObject<{ callbackURL: import("/app/node_modules/.pnpm/...'. Two different types with this name exist, but they are unrelated.
#12 21.60 packages/db build:             Type '{ id: string; createdAt: Date; updatedAt: Date; email: string; emailVerified: boolean; name: string; image?: string | null | undefined; } | undefined' is not assignable to type '{ id: string; createdAt: Date; updatedAt: Date; email: string; emailVerified: boolean; name: string; image?: string | null | undefined; banned: boolean | null | undefined; role?: string | ... 1 more ... | undefined; banReason?: string | ... 1 more ... | undefined; banExpires?: Date | ... 1 more ... | undefined; isAn...'.
#12 21.60 packages/db build:               Type '{ id: string; createdAt: Date; updatedAt: Date; email: string; emailVerified: boolean; name: string; image?: string | null | undefined; }' is missing the following properties from type '{ id: string; createdAt: Date; updatedAt: Date; email: string; emailVerified: boolean; name: string; image?: string | null | undefined; banned: boolean | null | undefined; role?: string | ... 1 more ... | undefined; banReason?: string | ... 1 more ... | undefined; banExpires?: Date | ... 1 more ... | undefined; isAn...': banned, isAnonymous
#12 21.63 packages/db build: Failed
#12 21.65 /app/packages/db:
#12 21.65 ÔÇëERR_PNPM_RECURSIVE_RUN_FIRST_FAILÔÇë @cio/db@0.0.1 build: `rm -rf dist tsconfig.tsbuildinfo && tsc && tsc-alias`
#12 21.65 Exit status 2
#12 ERROR: process "/bin/sh -c pnpm -r --filter @cio/api... build" did not complete successfully: exit code: 2
------
 > [7/9] RUN pnpm -r --filter @cio/api... build:
21.59 packages/db build:     Type 'import("/app/node_modules/.pnpm/better-auth@1.6.11_@cloudflare+workers-types@4.20260529.1_@opentelemetry+api@1.9.1_@sve_5fc0d7206104e62dbca93ed9c6a538b0/node_modules/better-auth/dist/types/api").InferAPI<import("/app/node_modules/.pnpm/better-auth@1.6.11_@cloudflare+workers-types@4.20260529.1_@opentelemetry+api@1.9....' is not assignable to type 'import("/app/node_modules/.pnpm/better-auth@1.6.11_@cloudflare+workers-types@4.20260529.1_@opentelemetry+api@1.9.1_@sve_5fc0d7206104e62dbca93ed9c6a538b0/node_modules/better-auth/dist/types/api").InferAPI<import("/app/node_modules/.pnpm/better-auth@1.6.11_@cloudflare+workers-types@4.20260529.1_@opentelemetry+api@1.9....'. Two different types with this name exist, but they are unrelated.
21.59 packages/db build:       Type 'InferAPI<Prettify<{ readonly ok: StrictEndpoint<"/ok", { method: "GET"; metadata: { openapi: { description: string; responses: { "200": { description: string; content: { "application/json": { schema: { type: "object"; properties: { ok: { type: string; description: string; }; }; required: string[]; }; }; }; }; }; }; ...' is not assignable to type 'FilteredAPI<Prettify<{ readonly ok: StrictEndpoint<"/ok", { method: "GET"; metadata: { openapi: { description: string; responses: { "200": { description: string; content: { "application/json": { schema: { type: "object"; properties: { ok: { type: string; description: string; }; }; required: string[]; }; }; }; }; }; ...'.
21.59 packages/db build:         Types of property 'signInSocial' are incompatible.
21.59 packages/db build:           Type 'import("/app/node_modules/.pnpm/better-call@1.3.5_zod@4.4.3/node_modules/better-call/dist/endpoint").StrictEndpoint<"/sign-in/social", { method: "POST"; operationId: string; body: import("/app/node_modules/.pnpm/zod@4.4.3/node_modules/zod/v4/classic/schemas").ZodObject<{ callbackURL: import("/app/node_modules/.pnpm/...' is not assignable to type 'import("/app/node_modules/.pnpm/better-call@1.3.5_zod@4.4.3/node_modules/better-call/dist/endpoint").StrictEndpoint<"/sign-in/social", { method: "POST"; operationId: string; body: import("/app/node_modules/.pnpm/zod@4.4.3/node_modules/zod/v4/classic/schemas").ZodObject<{ callbackURL: import("/app/node_modules/.pnpm/...'. Two different types with this name exist, but they are unrelated.
21.60 packages/db build:             Type '{ id: string; createdAt: Date; updatedAt: Date; email: string; emailVerified: boolean; name: string; image?: string | null | undefined; } | undefined' is not assignable to type '{ id: string; createdAt: Date; updatedAt: Date; email: string; emailVerified: boolean; name: string; image?: string | null | undefined; banned: boolean | null | undefined; role?: string | ... 1 more ... | undefined; banReason?: string | ... 1 more ... | undefined; banExpires?: Date | ... 1 more ... | undefined; isAn...'.
21.60 packages/db build:               Type '{ id: string; createdAt: Date; updatedAt: Date; email: string; emailVerified: boolean; name: string; image?: string | null | undefined; }' is missing the following properties from type '{ id: string; createdAt: Date; updatedAt: Date; email: string; emailVerified: boolean; name: string; image?: string | null | undefined; banned: boolean | null | undefined; role?: string | ... 1 more ... | undefined; banReason?: string | ... 1 more ... | undefined; banExpires?: Date | ... 1 more ... | undefined; isAn...': banned, isAnonymous
21.63 packages/db build: Failed
21.65 /app/packages/db:
21.65 ÔÇëERR_PNPM_RECURSIVE_RUN_FIRST_FAILÔÇë @cio/db@0.0.1 build: `rm -rf dist tsconfig.tsbuildinfo && tsc && tsc-alias`
21.65 Exit status 2
------
docker : Dockerfile.api:14
En línea: 2 Carácter: 32
+ ... lassroomIO; docker compose --env-file .env.docker -f docker/docker-co ...
+                 ~~~~~~~~~~~~~~~~~~~~~~~~~~~~~~~~~~~~~~~~~~~~~~~~~~~~~~~~~
    + CategoryInfo          : NotSpecified: (Dockerfile.api:14:String) [], RemoteException
    + FullyQualifiedErrorId : NativeCommandError
 

--------------------

  12 |     RUN pnpm install --no-frozen-lockfile --ignore-scripts --shamefully-hoist --filter @cio/api...

  13 |     RUN find . -name 'tsconfig.tsbuildinfo' -delete

  14 | >>> RUN pnpm -r --filter @cio/api... build

  15 |     

  16 |     COPY docker/entrypoint-api.sh /app/entrypoint.sh

--------------------

failed to solve: process "/bin/sh -c pnpm -r --filter @cio/api... build" did not complete successfully: exit code: 2



View build details: docker-desktop://dashboard/build/desktop-linux/desktop-linux/7zqdtt0eckuljx8k9azz67cqx

